mode: set
fiap-fast-food-ms-producao/domain/models/production_status.go:14.33,16.2 1 0
fiap-fast-food-ms-producao/domain/models/production_status.go:18.51,19.13 1 0
fiap-fast-food-ms-producao/domain/models/production_status.go:20.17,21.22 1 0
fiap-fast-food-ms-producao/domain/models/production_status.go:22.20,23.25 1 0
fiap-fast-food-ms-producao/domain/models/production_status.go:24.19,25.24 1 0
fiap-fast-food-ms-producao/domain/models/production_status.go:26.16,27.21 1 0
fiap-fast-food-ms-producao/domain/models/production_status.go:28.10,29.41 1 0
fiap-fast-food-ms-producao/domain/models/production_status.go:33.39,35.2 1 0
fiap-fast-food-ms-producao/domain/dto/production_order.go:10.93,16.2 2 0
fiap-fast-food-ms-producao/main.go:18.89,20.48 2 0
fiap-fast-food-ms-producao/main.go:20.48,22.17 2 0
fiap-fast-food-ms-producao/main.go:22.17,24.4 1 0
fiap-fast-food-ms-producao/main.go:26.2,29.38 4 0
fiap-fast-food-ms-producao/main.go:32.89,36.2 3 0
fiap-fast-food-ms-producao/main.go:38.13,43.16 5 0
fiap-fast-food-ms-producao/main.go:43.16,45.3 1 0
fiap-fast-food-ms-producao/main.go:47.2,50.30 4 0
fiap-fast-food-ms-producao/infra/ctx/main.go:19.53,23.2 3 0
fiap-fast-food-ms-producao/infra/ctx/main.go:25.46,29.2 3 0
fiap-fast-food-ms-producao/infra/ctx/main.go:31.56,32.33 1 0
fiap-fast-food-ms-producao/infra/ctx/main.go:32.33,34.3 1 0
fiap-fast-food-ms-producao/infra/ctx/main.go:37.47,39.45 2 0
fiap-fast-food-ms-producao/infra/ctx/main.go:39.45,42.3 2 0
fiap-fast-food-ms-producao/infra/ctx/main.go:44.2,44.38 1 0
fiap-fast-food-ms-producao/infra/ctx/main.go:44.38,46.3 1 0
fiap-fast-food-ms-producao/infra/ctx/main.go:47.2,47.12 1 0
fiap-fast-food-ms-producao/infra/ctx/main.go:50.57,56.16 4 0
fiap-fast-food-ms-producao/infra/ctx/main.go:56.16,58.3 1 0
fiap-fast-food-ms-producao/infra/ctx/main.go:59.2,60.13 2 0
fiap-fast-food-ms-producao/infra/db/main.go:19.95,22.16 3 0
fiap-fast-food-ms-producao/infra/db/main.go:22.16,24.3 1 0
fiap-fast-food-ms-producao/infra/db/main.go:25.2,25.23 1 0
fiap-fast-food-ms-producao/infra/db/main.go:28.88,32.48 4 0
fiap-fast-food-ms-producao/infra/db/main.go:32.48,35.3 2 0
fiap-fast-food-ms-producao/infra/db/main.go:36.2,36.15 1 0
fiap-fast-food-ms-producao/infra/db/main.go:39.109,45.16 4 0
fiap-fast-food-ms-producao/infra/db/main.go:45.16,47.3 1 0
fiap-fast-food-ms-producao/infra/db/main.go:48.2,48.26 1 0
fiap-fast-food-ms-producao/infra/db/main.go:51.46,53.2 1 0
fiap-fast-food-ms-producao/infra/db/main.go:55.94,59.16 4 0
fiap-fast-food-ms-producao/infra/db/main.go:59.16,61.3 1 0
fiap-fast-food-ms-producao/infra/db/main.go:62.2,62.57 1 0
fiap-fast-food-ms-producao/infra/db/main.go:62.57,64.3 1 0
fiap-fast-food-ms-producao/infra/db/main.go:65.2,66.46 2 0
fiap-fast-food-ms-producao/main/producer/production_order_update.go:13.96,28.26 7 0
fiap-fast-food-ms-producao/main/producer/production_order_update.go:28.26,35.17 3 0
fiap-fast-food-ms-producao/main/producer/production_order_update.go:35.17,37.4 1 0
fiap-fast-food-ms-producao/main/producer/production_order_update.go:41.2,41.12 1 0
fiap-fast-food-ms-producao/main/router/router.go:12.143,20.2 5 0
fiap-fast-food-ms-producao/main/router/middleware/share_contex.go:10.161,11.30 1 0
fiap-fast-food-ms-producao/main/router/middleware/share_contex.go:11.30,16.3 4 0
fiap-fast-food-ms-producao/domain/dto/production_order.go:10.93,16.2 2 1
fiap-fast-food-ms-producao/domain/models/production_status.go:14.33,16.2 1 0
fiap-fast-food-ms-producao/domain/models/production_status.go:18.51,19.13 1 1
fiap-fast-food-ms-producao/domain/models/production_status.go:20.17,21.22 1 0
fiap-fast-food-ms-producao/domain/models/production_status.go:22.20,23.25 1 1
fiap-fast-food-ms-producao/domain/models/production_status.go:24.19,25.24 1 0
fiap-fast-food-ms-producao/domain/models/production_status.go:26.16,27.21 1 0
fiap-fast-food-ms-producao/domain/models/production_status.go:28.10,29.41 1 0
fiap-fast-food-ms-producao/domain/models/production_status.go:33.39,35.2 1 1
fiap-fast-food-ms-producao/main/router/api/product/create_product.go:11.35,14.47 2 1
fiap-fast-food-ms-producao/main/router/api/product/create_product.go:14.47,17.3 2 0
fiap-fast-food-ms-producao/main/router/api/product/create_product.go:19.2,26.28 5 1
fiap-fast-food-ms-producao/main/router/api/product/create_product.go:26.28,29.3 2 0
fiap-fast-food-ms-producao/main/router/api/product/create_product.go:30.2,30.52 1 1
fiap-fast-food-ms-producao/main/router/api/product/update_product.go:16.41,28.28 8 1
fiap-fast-food-ms-producao/main/router/api/product/update_product.go:28.28,31.3 2 0
fiap-fast-food-ms-producao/main/router/api/product/update_product.go:33.2,34.16 2 1
fiap-fast-food-ms-producao/main/router/api/product/update_product.go:34.16,37.3 2 0
fiap-fast-food-ms-producao/main/router/api/product/update_product.go:38.2,39.8 2 1
fiap-fast-food-ms-producao/main/router/api/product/update_product.go:39.8,41.3 1 1
fiap-fast-food-ms-producao/main/router/api/product/update_product.go:43.2,51.16 6 1
fiap-fast-food-ms-producao/main/router/api/product/update_product.go:51.16,54.3 2 0
fiap-fast-food-ms-producao/main/router/api/product/update_product.go:56.2,60.30 4 1
fiap-fast-food-ms-producao/main/router/api/product/update_product.go:63.64,66.16 2 1
fiap-fast-food-ms-producao/main/router/api/product/update_product.go:66.16,68.3 1 0
fiap-fast-food-ms-producao/main/router/api/product/update_product.go:70.2,70.22 1 1
fiap-fast-food-ms-producao/domain/models/production_status.go:14.33,16.2 1 0
fiap-fast-food-ms-producao/domain/models/production_status.go:18.51,19.13 1 0
fiap-fast-food-ms-producao/domain/models/production_status.go:20.17,21.22 1 0
fiap-fast-food-ms-producao/domain/models/production_status.go:22.20,23.25 1 0
fiap-fast-food-ms-producao/domain/models/production_status.go:24.19,25.24 1 0
fiap-fast-food-ms-producao/domain/models/production_status.go:26.16,27.21 1 0
fiap-fast-food-ms-producao/domain/models/production_status.go:28.10,29.41 1 0
fiap-fast-food-ms-producao/domain/models/production_status.go:33.39,35.2 1 0
fiap-fast-food-ms-producao/main/worker/production_order.go:9.99,11.9 2 1
fiap-fast-food-ms-producao/main/worker/production_order.go:12.23,14.65 2 1
fiap-fast-food-ms-producao/main/worker/production_order.go:14.65,15.83 1 1
fiap-fast-food-ms-producao/main/worker/production_order.go:15.83,17.5 1 0
fiap-fast-food-ms-producao/main/worker/production_order.go:19.3,21.44 3 1
fiap-fast-food-ms-producao/main/worker/worker.go:15.87,33.6 9 0
fiap-fast-food-ms-producao/main/worker/worker.go:33.6,35.17 2 0
fiap-fast-food-ms-producao/main/worker/worker.go:35.17,37.12 2 0
fiap-fast-food-ms-producao/main/worker/worker.go:39.3,39.32 1 0
fiap-fast-food-ms-producao/main/worker/worker.go:39.32,42.69 2 0
fiap-fast-food-ms-producao/main/worker/worker.go:42.69,45.5 2 0
fiap-fast-food-ms-producao/main/worker/worker.go:47.4,53.18 3 0
fiap-fast-food-ms-producao/main/worker/worker.go:53.18,55.13 2 0
fiap-fast-food-ms-producao/main/worker/worker.go:62.102,70.16 3 0
fiap-fast-food-ms-producao/main/worker/worker.go:70.16,72.3 1 0
fiap-fast-food-ms-producao/main/worker/worker.go:73.2,73.26 1 0
